2017-01-31 07:51:48,728 ERROR [main] - Statistics - Statistics file `/home/cw/.scalaide/statistics` is corrupted. A new one is being created. Corrupted content was:

com.cedarsoftware.util.io.JsonIoException: error parsing JSON value
	at com.cedarsoftware.util.io.JsonReader.readObject(JsonReader.java:529)
	at com.cedarsoftware.util.io.JsonReader.jsonToJava(JsonReader.java:289)
	at com.cedarsoftware.util.io.JsonReader.jsonToJava(JsonReader.java:262)
	at org.scalaide.core.internal.statistics.Statistics.org$scalaide$core$internal$statistics$Statistics$$read(Statistics.scala:74)
	at org.scalaide.core.internal.statistics.Statistics$$anonfun$readStats$1.apply(Statistics.scala:52)
	at org.scalaide.core.internal.statistics.Statistics$$anonfun$readStats$1.apply(Statistics.scala:51)
	at org.scalaide.core.ScalaIdeDataStore$$anonfun$validate$2.apply(ScalaIdeDataStore.scala:59)
	at org.scalaide.util.eclipse.EclipseUtils$$anon$3.run(EclipseUtils.scala:214)
	at org.eclipse.core.runtime.SafeRunner.run(SafeRunner.java:42)
	at org.scalaide.util.eclipse.EclipseUtils$.withSafeRunner(EclipseUtils.scala:210)
	at org.scalaide.core.ScalaIdeDataStore$.validate(ScalaIdeDataStore.scala:58)
	at org.scalaide.core.internal.statistics.Statistics.readStats(Statistics.scala:51)
	at org.scalaide.core.internal.statistics.Statistics.<init>(Statistics.scala:30)
	at org.scalaide.core.internal.ScalaPlugin.stats$lzycompute(ScalaPlugin.scala:135)
	at org.scalaide.core.internal.ScalaPlugin.stats(ScalaPlugin.scala:135)
	at org.scalaide.core.internal.ScalaPlugin.statistics(ScalaPlugin.scala:138)
	at org.scalaide.core.internal.ScalaPlugin.start(ScalaPlugin.scala:109)
	at org.eclipse.osgi.internal.framework.BundleContextImpl$3.run(BundleContextImpl.java:774)
	at org.eclipse.osgi.internal.framework.BundleContextImpl$3.run(BundleContextImpl.java:1)
	at java.security.AccessController.doPrivileged(Native Method)
	at org.eclipse.osgi.internal.framework.BundleContextImpl.startActivator(BundleContextImpl.java:767)
	at org.eclipse.osgi.internal.framework.BundleContextImpl.start(BundleContextImpl.java:724)
	at org.eclipse.osgi.internal.framework.EquinoxBundle.startWorker0(EquinoxBundle.java:932)
	at org.eclipse.osgi.internal.framework.EquinoxBundle$EquinoxModule.startWorker(EquinoxBundle.java:309)
	at org.eclipse.osgi.container.Module.doStart(Module.java:581)
	at org.eclipse.osgi.container.Module.start(Module.java:449)
	at org.eclipse.osgi.framework.util.SecureAction.start(SecureAction.java:470)
	at org.eclipse.osgi.internal.hooks.EclipseLazyStarter.postFindLocalClass(EclipseLazyStarter.java:107)
	at org.eclipse.osgi.internal.loader.classpath.ClasspathManager.findLocalClass(ClasspathManager.java:529)
	at org.eclipse.osgi.internal.loader.ModuleClassLoader.findLocalClass(ModuleClassLoader.java:325)
	at org.eclipse.osgi.internal.loader.BundleLoader.findLocalClass(BundleLoader.java:345)
	at org.eclipse.osgi.internal.loader.BundleLoader.findClassInternal(BundleLoader.java:423)
	at org.eclipse.osgi.internal.loader.BundleLoader.findClass(BundleLoader.java:372)
	at org.eclipse.osgi.internal.loader.BundleLoader.findClass(BundleLoader.java:364)
	at org.eclipse.osgi.internal.loader.ModuleClassLoader.loadClass(ModuleClassLoader.java:161)
	at java.lang.ClassLoader.loadClass(ClassLoader.java:357)
	at org.eclipse.osgi.internal.framework.EquinoxBundle.loadClass(EquinoxBundle.java:564)
	at org.eclipse.core.internal.registry.osgi.RegistryStrategyOSGI.createExecutableExtension(RegistryStrategyOSGI.java:174)
	at org.eclipse.core.internal.registry.ExtensionRegistry.createExecutableExtension(ExtensionRegistry.java:905)
	at org.eclipse.core.internal.registry.ConfigurationElement.createExecutableExtension(ConfigurationElement.java:243)
	at org.eclipse.core.internal.registry.ConfigurationElementHandle.createExecutableExtension(ConfigurationElementHandle.java:55)
	at org.eclipse.ui.internal.registry.PerspectiveDescriptor.createFactory(PerspectiveDescriptor.java:75)
	at org.eclipse.ui.internal.WorkbenchPage.createPerspective(WorkbenchPage.java:4159)
	at org.eclipse.ui.internal.WorkbenchPage.setPerspective(WorkbenchPage.java:4068)
	at org.eclipse.ui.internal.WorkbenchWindow.setup(WorkbenchWindow.java:738)
	at sun.reflect.NativeMethodAccessorImpl.invoke0(Native Method)
	at sun.reflect.NativeMethodAccessorImpl.invoke(NativeMethodAccessorImpl.java:62)
	at sun.reflect.DelegatingMethodAccessorImpl.invoke(DelegatingMethodAccessorImpl.java:43)
	at java.lang.reflect.Method.invoke(Method.java:498)
	at org.eclipse.e4.core.internal.di.MethodRequestor.execute(MethodRequestor.java:55)
	at org.eclipse.e4.core.internal.di.InjectorImpl.processAnnotated(InjectorImpl.java:966)
	at org.eclipse.e4.core.internal.di.InjectorImpl.inject(InjectorImpl.java:151)
	at org.eclipse.e4.core.internal.di.InjectorImpl.inject(InjectorImpl.java:118)
	at org.eclipse.e4.core.contexts.ContextInjectionFactory.inject(ContextInjectionFactory.java:73)
	at org.eclipse.ui.internal.Workbench.createWorkbenchWindow(Workbench.java:1525)
	at org.eclipse.ui.internal.Workbench.getActiveWorkbenchWindow(Workbench.java:1499)
	at org.eclipse.ui.internal.services.WorkbenchSourceProvider.updateActiveShell(WorkbenchSourceProvider.java:923)
	at org.eclipse.ui.internal.services.WorkbenchSourceProvider.getCurrentState(WorkbenchSourceProvider.java:117)
	at org.eclipse.ui.internal.services.WorkbenchSourceProvider$6.handleEvent(WorkbenchSourceProvider.java:683)
	at org.eclipse.swt.widgets.EventTable.sendEvent(EventTable.java:84)
	at org.eclipse.swt.widgets.Display.filterEvent(Display.java:1605)
	at org.eclipse.swt.widgets.Widget.sendEvent(Widget.java:1339)
	at org.eclipse.swt.widgets.Widget.sendEvent(Widget.java:1366)
	at org.eclipse.swt.widgets.Widget.sendEvent(Widget.java:1345)
	at org.eclipse.swt.widgets.Shell.gtk_focus_in_event(Shell.java:1396)
	at org.eclipse.swt.widgets.Widget.windowProc(Widget.java:1998)
	at org.eclipse.swt.widgets.Control.windowProc(Control.java:5819)
	at org.eclipse.swt.widgets.Display.windowProc(Display.java:5490)
	at org.eclipse.swt.internal.gtk.OS._gtk_main_do_event(Native Method)
	at org.eclipse.swt.internal.gtk.OS.gtk_main_do_event(OS.java:9555)
	at org.eclipse.swt.widgets.Display.eventProc(Display.java:1275)
	at org.eclipse.swt.internal.gtk.OS._g_main_context_iteration(Native Method)
	at org.eclipse.swt.internal.gtk.OS.g_main_context_iteration(OS.java:2495)
	at org.eclipse.swt.widgets.Display.readAndDispatch(Display.java:4141)
	at org.eclipse.e4.ui.internal.workbench.swt.PartRenderingEngine$4.run(PartRenderingEngine.java:1121)
	at org.eclipse.core.databinding.observable.Realm.runWithDefault(Realm.java:336)
	at org.eclipse.e4.ui.internal.workbench.swt.PartRenderingEngine.run(PartRenderingEngine.java:1022)
	at org.eclipse.e4.ui.internal.workbench.E4Workbench.createAndRunUI(E4Workbench.java:150)
	at org.eclipse.ui.internal.Workbench$5.run(Workbench.java:687)
	at org.eclipse.core.databinding.observable.Realm.runWithDefault(Realm.java:336)
	at org.eclipse.ui.internal.Workbench.createAndRunWorkbench(Workbench.java:604)
	at org.eclipse.ui.PlatformUI.createAndRunWorkbench(PlatformUI.java:148)
	at org.eclipse.ui.internal.ide.application.IDEApplication.start(IDEApplication.java:138)
	at org.eclipse.equinox.internal.app.EclipseAppHandle.run(EclipseAppHandle.java:196)
	at org.eclipse.core.runtime.internal.adaptor.EclipseAppLauncher.runApplication(EclipseAppLauncher.java:134)
	at org.eclipse.core.runtime.internal.adaptor.EclipseAppLauncher.start(EclipseAppLauncher.java:104)
	at org.eclipse.core.runtime.adaptor.EclipseStarter.run(EclipseStarter.java:388)
	at org.eclipse.core.runtime.adaptor.EclipseStarter.run(EclipseStarter.java:243)
	at sun.reflect.NativeMethodAccessorImpl.invoke0(Native Method)
	at sun.reflect.NativeMethodAccessorImpl.invoke(NativeMethodAccessorImpl.java:62)
	at sun.reflect.DelegatingMethodAccessorImpl.invoke(DelegatingMethodAccessorImpl.java:43)
	at java.lang.reflect.Method.invoke(Method.java:498)
	at org.eclipse.equinox.launcher.Main.invokeFramework(Main.java:673)
	at org.eclipse.equinox.launcher.Main.basicRun(Main.java:610)
	at org.eclipse.equinox.launcher.Main.run(Main.java:1519)
	at org.eclipse.equinox.launcher.Main.main(Main.java:1492)
Caused by: com.cedarsoftware.util.io.JsonIoException: EOF reached prematurely
	at com.cedarsoftware.util.io.JsonParser.error(JsonParser.java:584)
	at com.cedarsoftware.util.io.JsonParser.readValue(JsonParser.java:278)
	at com.cedarsoftware.util.io.JsonReader.readObject(JsonReader.java:521)
	... 95 more
2017-01-31 07:52:12,073  WARN [ModalContext] - ScalaProject - Project SparkStreaming has platform default sourceLevel.
2017-01-31 07:52:12,074  WARN [ModalContext] - ScalaProject - Project SparkStreaming runs on platform default installation.
2017-01-31 07:52:12,111 ERROR [Worker-0] - System.err - log4j:WARN No appenders could be found for logger (org.eclipse.jgit.util.FS).
2017-01-31 07:52:12,111 ERROR [Worker-0] - System.err - log4j:WARN Please initialize the log4j system properly.
2017-01-31 07:52:13,315  WARN [Worker-0] - ScalaProject - Project SparkStreaming has platform default sourceLevel.
2017-01-31 07:52:13,317  WARN [Worker-0] - ScalaProject - Project SparkStreaming runs on platform default installation.
2017-01-31 07:54:47,359  WARN [Worker-2] - ScalaProject - Project SparkStreaming has platform default sourceLevel.
2017-01-31 07:54:47,359  WARN [Worker-2] - ScalaProject - Project SparkStreaming runs on platform default installation.
2017-01-31 08:00:49,941  WARN [Worker-2] - ScalaProject - Project SparkStreaming has platform default sourceLevel.
2017-01-31 08:00:49,941  WARN [Worker-2] - ScalaProject - Project SparkStreaming runs on platform default installation.
2017-01-31 08:00:50,526  WARN [Java indexing] - ScalaProject - Project SparkStreaming has platform default sourceLevel.
2017-01-31 08:00:50,526  WARN [Java indexing] - ScalaProject - Project SparkStreaming runs on platform default installation.
2017-01-31 08:01:21,468 ERROR [Text Viewer Hover Presenter] - IScalaPresentationCompiler$ - Ignoring InterruptException
2017-01-31 08:01:21,469 ERROR [Text Viewer Hover Presenter] - IScalaPresentationCompiler$ - Ignoring InterruptException
2017-01-31 08:01:21,470 ERROR [Text Viewer Hover Presenter] - IScalaPresentationCompiler$ - Ignoring InterruptException
2017-01-31 08:08:10,677  WARN [Worker-8] - ScalaProject - Project SparkStreaming has platform default sourceLevel.
2017-01-31 08:08:10,678  WARN [Worker-8] - ScalaProject - Project SparkStreaming runs on platform default installation.
2017-01-31 08:08:10,892  WARN [Worker-9] - ScalaProject - Project SparkStreaming has platform default sourceLevel.
2017-01-31 08:08:10,892  WARN [Worker-9] - ScalaProject - Project SparkStreaming runs on platform default installation.
2017-01-31 08:08:11,533  WARN [org.scalaide.ui.internal.reconciliation.ScalaReconciler] - ScalaProject - Project SparkStreaming has platform default sourceLevel.
2017-01-31 08:08:11,534  WARN [org.scalaide.ui.internal.reconciliation.ScalaReconciler] - ScalaProject - Project SparkStreaming runs on platform default installation.
2017-01-31 08:08:58,171  WARN [Worker-10] - ScalaProject - Project SparkStreaming has platform default sourceLevel.
2017-01-31 08:08:58,171  WARN [Worker-10] - ScalaProject - Project SparkStreaming runs on platform default installation.
2017-01-31 08:11:16,011  WARN [Worker-8] - ScalaProject - Project SparkStreaming has platform default sourceLevel.
2017-01-31 08:11:16,012  WARN [Worker-8] - ScalaProject - Project SparkStreaming runs on platform default installation.
2017-01-31 08:14:29,729  WARN [Worker-10] - ScalaProject - Project SparkStreaming has platform default sourceLevel.
2017-01-31 08:14:29,729  WARN [Worker-10] - ScalaProject - Project SparkStreaming runs on platform default installation.
2017-01-31 08:19:22,289  WARN [Worker-13] - ScalaProject - Project SparkStreaming has platform default sourceLevel.
2017-01-31 08:19:22,289  WARN [Worker-13] - ScalaProject - Project SparkStreaming runs on platform default installation.
2017-01-31 08:19:22,650  WARN [Java indexing] - ScalaProject - Project SparkStreaming has platform default sourceLevel.
2017-01-31 08:19:22,651  WARN [Java indexing] - ScalaProject - Project SparkStreaming runs on platform default installation.
2017-01-31 08:19:23,540  WARN [org.scalaide.ui.internal.reconciliation.ScalaReconciler] - ImplicitHighlightingPresenter - Timeout while waiting for `askLoadedTyped` during semantic highlighting.
2017-01-31 08:19:58,748  WARN [Worker-13] - ScalaProject - Project SparkStreaming has platform default sourceLevel.
2017-01-31 08:19:58,749  WARN [Worker-13] - ScalaProject - Project SparkStreaming runs on platform default installation.
2017-01-31 08:32:39,636  WARN [Worker-23] - ScalaProject - Project SparkStreaming has platform default sourceLevel.
2017-01-31 08:32:39,637  WARN [Worker-23] - ScalaProject - Project SparkStreaming runs on platform default installation.
